2025-11-08 08:56:29  INFO 22532 --- [论坛系统] [restartedMain] c.h.forum_system.ForumSystemApplication  : Starting ForumSystemApplication using Java 17.0.9 with PID 22532 (D:\project\forum_system\target\classes started by xiong in D:\project\forum_system)
2025-11-08 08:56:29 DEBUG 22532 --- [论坛系统] [restartedMain] c.h.forum_system.ForumSystemApplication  : Running with Spring Boot v3.5.6, Spring v6.2.11
2025-11-08 08:56:29  INFO 22532 --- [论坛系统] [restartedMain] c.h.forum_system.ForumSystemApplication  : No active profile set, falling back to 1 default profile: "default"
2025-11-08 08:56:29  INFO 22532 --- [论坛系统] [restartedMain] .e.DevToolsPropertyDefaultsPostProcessor : Devtools property defaults active! Set 'spring.devtools.add-properties' to 'false' to disable
2025-11-08 08:56:29  INFO 22532 --- [论坛系统] [restartedMain] .e.DevToolsPropertyDefaultsPostProcessor : For additional web related logging consider setting the 'logging.level.web' property to 'DEBUG'
2025-11-08 08:56:30  INFO 22532 --- [论坛系统] [restartedMain] o.s.b.w.embedded.tomcat.TomcatWebServer  : Tomcat initialized with port 27070 (http)
2025-11-08 08:56:30  INFO 22532 --- [论坛系统] [restartedMain] o.apache.catalina.core.StandardService   : Starting service [Tomcat]
2025-11-08 08:56:30  INFO 22532 --- [论坛系统] [restartedMain] o.apache.catalina.core.StandardEngine    : Starting Servlet engine: [Apache Tomcat/10.1.46]
2025-11-08 08:56:30  INFO 22532 --- [论坛系统] [restartedMain] o.a.c.c.C.[Tomcat].[localhost].[/]       : Initializing Spring embedded WebApplicationContext
2025-11-08 08:56:30  INFO 22532 --- [论坛系统] [restartedMain] w.s.c.ServletWebServerApplicationContext : Root WebApplicationContext: initialization completed in 858 ms
2025-11-08 08:56:30  INFO 22532 --- [论坛系统] [restartedMain] o.s.b.a.w.s.WelcomePageHandlerMapping    : Adding welcome page: class path resource [static/index.html]
2025-11-08 08:56:30  INFO 22532 --- [论坛系统] [restartedMain] o.s.v.b.OptionalValidatorFactoryBean     : Failed to set up a Bean Validation provider: jakarta.validation.NoProviderFoundException: Unable to create a Configuration, because no Jakarta Bean Validation provider could be found. Add a provider like Hibernate Validator (RI) to your classpath.
2025-11-08 08:56:30  INFO 22532 --- [论坛系统] [restartedMain] o.s.b.d.a.OptionalLiveReloadServer       : LiveReload server is running on port 35729
2025-11-08 08:56:30  INFO 22532 --- [论坛系统] [restartedMain] o.s.b.w.embedded.tomcat.TomcatWebServer  : Tomcat started on port 27070 (http) with context path '/'
2025-11-08 08:56:30  INFO 22532 --- [论坛系统] [restartedMain] c.h.forum_system.ForumSystemApplication  : Started ForumSystemApplication in 1.918 seconds (process running for 2.413)
2025-11-08 08:56:48  INFO 22532 --- [论坛系统] [http-nio-27070-exec-1] o.a.c.c.C.[Tomcat].[localhost].[/]       : Initializing Spring DispatcherServlet 'dispatcherServlet'
2025-11-08 08:56:48  INFO 22532 --- [论坛系统] [http-nio-27070-exec-1] o.s.web.servlet.DispatcherServlet        : Initializing Servlet 'dispatcherServlet'
2025-11-08 08:56:48  INFO 22532 --- [论坛系统] [http-nio-27070-exec-1] o.s.web.servlet.DispatcherServlet        : Completed initialization in 0 ms
2025-11-08 08:56:59 ERROR 22532 --- [论坛系统] [http-nio-27070-exec-6] c.h.f.exception.GlobalExceptionHandler   : No static resource message/getUnreadCount.
2025-11-08 08:56:59 ERROR 22532 --- [论坛系统] [http-nio-27070-exec-8] c.h.f.exception.GlobalExceptionHandler   : No static resource message/getAll.
2025-11-08 08:56:59 ERROR 22532 --- [论坛系统] [http-nio-27070-exec-5] c.h.f.exception.GlobalExceptionHandler   : No static resource board/topList.
2025-11-08 08:56:59 ERROR 22532 --- [论坛系统] [http-nio-27070-exec-10] c.h.f.exception.GlobalExceptionHandler   : No static resource user/info.
2025-11-08 08:56:59 ERROR 22532 --- [论坛系统] [http-nio-27070-exec-9] c.h.f.exception.GlobalExceptionHandler   : No static resource article/getAllByBoardId.
2025-11-08 08:56:59  WARN 22532 --- [论坛系统] [http-nio-27070-exec-6] .m.m.a.ExceptionHandlerExceptionResolver : Resolved [org.springframework.web.servlet.resource.NoResourceFoundException: No static resource message/getUnreadCount.]
2025-11-08 08:56:59  WARN 22532 --- [论坛系统] [http-nio-27070-exec-10] .m.m.a.ExceptionHandlerExceptionResolver : Resolved [org.springframework.web.servlet.resource.NoResourceFoundException: No static resource user/info.]
2025-11-08 08:56:59  WARN 22532 --- [论坛系统] [http-nio-27070-exec-9] .m.m.a.ExceptionHandlerExceptionResolver : Resolved [org.springframework.web.servlet.resource.NoResourceFoundException: No static resource article/getAllByBoardId.]
2025-11-08 08:56:59  WARN 22532 --- [论坛系统] [http-nio-27070-exec-8] .m.m.a.ExceptionHandlerExceptionResolver : Resolved [org.springframework.web.servlet.resource.NoResourceFoundException: No static resource message/getAll.]
2025-11-08 08:56:59  WARN 22532 --- [论坛系统] [http-nio-27070-exec-5] .m.m.a.ExceptionHandlerExceptionResolver : Resolved [org.springframework.web.servlet.resource.NoResourceFoundException: No static resource board/topList.]
